[Sun, 04 May 14 18:20:12 -0300] TYPE: 1 LINE: 30
				FILE: /example/controller/MainController.php
				MESSAGE: Call to undefined function b()
				STATE: 
_SERVER: Array
(
    [REDIRECT_HTTP_AUTHORIZATION] => 
    [REDIRECT_Liber_URL_REWRITE] => 1
    [REDIRECT_STATUS] => 200
    [HTTP_AUTHORIZATION] => 
    [Liber_URL_REWRITE] => 1
    [HTTP_HOST] => dev.d
    [HTTP_CONNECTION] => keep-alive
    [HTTP_ACCEPT] => text/html,application/xhtml+xml,application/xml;q=0.9,image/webp,*/*;q=0.8
    [HTTP_USER_AGENT] => Mozilla/5.0 (X11; Linux x86_64) AppleWebKit/537.36 (KHTML, like Gecko) Chrome/34.0.1847.132 Safari/537.36
    [HTTP_REFERER] => http://dev.d/projetos/Liber/project/examples/app/?XDEBUG_PROFILE
    [HTTP_ACCEPT_ENCODING] => gzip,deflate,sdch
    [HTTP_ACCEPT_LANGUAGE] => en-US,en;q=0.8,pt-BR;q=0.6,pt;q=0.4
    [HTTP_COOKIE] => PHPSESSID=v11f6p23mj53ett53ijgmi68p6; lhc_per={%22vid%22:%22b343yeweqnuq5tmnmifs%22}
    [PATH] => /usr/local/bin:/usr/bin:/bin
    [SERVER_SIGNATURE] => Apache/2.2.22 (Ubuntu) Server at dev.d Port 80

    [SERVER_SOFTWARE] => Apache/2.2.22 (Ubuntu)
    [SERVER_NAME] => dev.d
    [SERVER_ADDR] => 192.168.122.135
    [SERVER_PORT] => 80
    [REMOTE_ADDR] => 192.168.122.1
    [DOCUMENT_ROOT] => /var/www
    [SERVER_ADMIN] => djalmafilho@gmail.com
    [SCRIPT_FILENAME] => /var/www/projetos/Liber/project/examples/app/index.php
    [REMOTE_PORT] => 52562
    [REDIRECT_URL] => /projetos/Liber/project/examples/app/error
    [GATEWAY_INTERFACE] => CGI/1.1
    [SERVER_PROTOCOL] => HTTP/1.1
    [REQUEST_METHOD] => GET
    [QUERY_STRING] => 
    [REQUEST_URI] => /projetos/Liber/project/examples/app/error
    [SCRIPT_NAME] => /projetos/Liber/project/examples/app/index.php
    [PHP_SELF] => /projetos/Liber/project/examples/app/index.php
    [REQUEST_TIME] => 1399238412
)

_POST: Array
(
)

_GET: Array
(
)

_SESSION: 
_COOKIE: Array
(
    [PHPSESSID] => v11f6p23mj53ett53ijgmi68p6
    [lhc_per] => {"vid":"b343yeweqnuq5tmnmifs"}
)

_FILES: Array
(
)[Sun, 04 May 14 19:06:11 -0300] TYPE: 1 LINE: 30
				FILE: /example/controller/MainController.php
				MESSAGE: Call to undefined function b()
				STATE: 
_SERVER: Array
(
    [REDIRECT_HTTP_AUTHORIZATION] => 
    [REDIRECT_Liber_URL_REWRITE] => 1
    [REDIRECT_STATUS] => 200
    [HTTP_AUTHORIZATION] => 
    [Liber_URL_REWRITE] => 1
    [HTTP_HOST] => dev.d
    [HTTP_CONNECTION] => keep-alive
    [HTTP_ACCEPT] => text/html,application/xhtml+xml,application/xml;q=0.9,image/webp,*/*;q=0.8
    [HTTP_USER_AGENT] => Mozilla/5.0 (X11; Linux x86_64) AppleWebKit/537.36 (KHTML, like Gecko) Chrome/34.0.1847.132 Safari/537.36
    [HTTP_REFERER] => http://dev.d/projetos/Liber/project/examples/app/?a=sss
    [HTTP_ACCEPT_ENCODING] => gzip,deflate,sdch
    [HTTP_ACCEPT_LANGUAGE] => en-US,en;q=0.8,pt-BR;q=0.6,pt;q=0.4
    [HTTP_COOKIE] => PHPSESSID=v11f6p23mj53ett53ijgmi68p6; lhc_per={%22vid%22:%22b343yeweqnuq5tmnmifs%22}
    [PATH] => /usr/local/bin:/usr/bin:/bin
    [SERVER_SIGNATURE] => Apache/2.2.22 (Ubuntu) Server at dev.d Port 80

    [SERVER_SOFTWARE] => Apache/2.2.22 (Ubuntu)
    [SERVER_NAME] => dev.d
    [SERVER_ADDR] => 192.168.122.135
    [SERVER_PORT] => 80
    [REMOTE_ADDR] => 192.168.122.1
    [DOCUMENT_ROOT] => /var/www
    [SERVER_ADMIN] => djalmafilho@gmail.com
    [SCRIPT_FILENAME] => /var/www/projetos/Liber/project/examples/app/index.php
    [REMOTE_PORT] => 52664
    [REDIRECT_URL] => /projetos/Liber/project/examples/app/error
    [GATEWAY_INTERFACE] => CGI/1.1
    [SERVER_PROTOCOL] => HTTP/1.1
    [REQUEST_METHOD] => GET
    [QUERY_STRING] => 
    [REQUEST_URI] => /projetos/Liber/project/examples/app/error
    [SCRIPT_NAME] => /projetos/Liber/project/examples/app/index.php
    [PHP_SELF] => /projetos/Liber/project/examples/app/index.php
    [REQUEST_TIME] => 1399241171
)

_POST: Array
(
)

_GET: Array
(
)

_SESSION: 
_COOKIE: Array
(
    [PHPSESSID] => v11f6p23mj53ett53ijgmi68p6
    [lhc_per] => {"vid":"b343yeweqnuq5tmnmifs"}
)

_FILES: Array
(
)[Sun, 04 May 14 19:25:29 -0300] TYPE: 2 LINE: 31
				FILE: /var/www/projetos/Liber/project/framework/cache/FileCache.php
				MESSAGE: mkdir(): File exists
				STATE: 
_SERVER: Array
(
    [REDIRECT_HTTP_AUTHORIZATION] => 
    [REDIRECT_Liber_URL_REWRITE] => 1
    [REDIRECT_STATUS] => 200
    [HTTP_AUTHORIZATION] => 
    [Liber_URL_REWRITE] => 1
    [HTTP_HOST] => dev.d
    [HTTP_CONNECTION] => keep-alive
    [HTTP_ACCEPT] => text/html,application/xhtml+xml,application/xml;q=0.9,image/webp,*/*;q=0.8
    [HTTP_USER_AGENT] => Mozilla/5.0 (X11; Linux x86_64) AppleWebKit/537.36 (KHTML, like Gecko) Chrome/34.0.1847.132 Safari/537.36
    [HTTP_REFERER] => http://dev.d/projetos/Liber/project/examples/app/
    [HTTP_ACCEPT_ENCODING] => gzip,deflate,sdch
    [HTTP_ACCEPT_LANGUAGE] => en-US,en;q=0.8,pt-BR;q=0.6,pt;q=0.4
    [HTTP_COOKIE] => PHPSESSID=v11f6p23mj53ett53ijgmi68p6; lhc_per={%22vid%22:%22b343yeweqnuq5tmnmifs%22}
    [PATH] => /usr/local/bin:/usr/bin:/bin
    [SERVER_SIGNATURE] => Apache/2.2.22 (Ubuntu) Server at dev.d Port 80

    [SERVER_SOFTWARE] => Apache/2.2.22 (Ubuntu)
    [SERVER_NAME] => dev.d
    [SERVER_ADDR] => 192.168.122.135
    [SERVER_PORT] => 80
    [REMOTE_ADDR] => 192.168.122.1
    [DOCUMENT_ROOT] => /var/www
    [SERVER_ADMIN] => djalmafilho@gmail.com
    [SCRIPT_FILENAME] => /var/www/projetos/Liber/project/examples/app/index.php
    [REMOTE_PORT] => 52705
    [REDIRECT_URL] => /projetos/Liber/project/examples/app/caching
    [GATEWAY_INTERFACE] => CGI/1.1
    [SERVER_PROTOCOL] => HTTP/1.1
    [REQUEST_METHOD] => GET
    [QUERY_STRING] => 
    [REQUEST_URI] => /projetos/Liber/project/examples/app/caching
    [SCRIPT_NAME] => /projetos/Liber/project/examples/app/index.php
    [PHP_SELF] => /projetos/Liber/project/examples/app/index.php
    [REQUEST_TIME] => 1399242329
)

_POST: Array
(
)

_GET: Array
(
)

_SESSION: 
_COOKIE: Array
(
    [PHPSESSID] => v11f6p23mj53ett53ijgmi68p6
    [lhc_per] => {"vid":"b343yeweqnuq5tmnmifs"}
)

_FILES: Array
(
)[Sun, 04 May 14 19:25:31 -0300] TYPE: 2 LINE: 31
				FILE: /var/www/projetos/Liber/project/framework/cache/FileCache.php
				MESSAGE: mkdir(): File exists
				STATE: 
_SERVER: Array
(
    [REDIRECT_HTTP_AUTHORIZATION] => 
    [REDIRECT_Liber_URL_REWRITE] => 1
    [REDIRECT_STATUS] => 200
    [HTTP_AUTHORIZATION] => 
    [Liber_URL_REWRITE] => 1
    [HTTP_HOST] => dev.d
    [HTTP_CONNECTION] => keep-alive
    [HTTP_ACCEPT] => text/html,application/xhtml+xml,application/xml;q=0.9,image/webp,*/*;q=0.8
    [HTTP_USER_AGENT] => Mozilla/5.0 (X11; Linux x86_64) AppleWebKit/537.36 (KHTML, like Gecko) Chrome/34.0.1847.132 Safari/537.36
    [HTTP_REFERER] => http://dev.d/projetos/Liber/project/examples/app/caching
    [HTTP_ACCEPT_ENCODING] => gzip,deflate,sdch
    [HTTP_ACCEPT_LANGUAGE] => en-US,en;q=0.8,pt-BR;q=0.6,pt;q=0.4
    [HTTP_COOKIE] => PHPSESSID=v11f6p23mj53ett53ijgmi68p6; lhc_per={%22vid%22:%22b343yeweqnuq5tmnmifs%22}
    [PATH] => /usr/local/bin:/usr/bin:/bin
    [SERVER_SIGNATURE] => Apache/2.2.22 (Ubuntu) Server at dev.d Port 80

    [SERVER_SOFTWARE] => Apache/2.2.22 (Ubuntu)
    [SERVER_NAME] => dev.d
    [SERVER_ADDR] => 192.168.122.135
    [SERVER_PORT] => 80
    [REMOTE_ADDR] => 192.168.122.1
    [DOCUMENT_ROOT] => /var/www
    [SERVER_ADMIN] => djalmafilho@gmail.com
    [SCRIPT_FILENAME] => /var/www/projetos/Liber/project/examples/app/index.php
    [REMOTE_PORT] => 52706
    [REDIRECT_URL] => /projetos/Liber/project/examples/app/caching
    [GATEWAY_INTERFACE] => CGI/1.1
    [SERVER_PROTOCOL] => HTTP/1.1
    [REQUEST_METHOD] => GET
    [QUERY_STRING] => 
    [REQUEST_URI] => /projetos/Liber/project/examples/app/caching
    [SCRIPT_NAME] => /projetos/Liber/project/examples/app/index.php
    [PHP_SELF] => /projetos/Liber/project/examples/app/index.php
    [REQUEST_TIME] => 1399242331
)

_POST: Array
(
)

_GET: Array
(
)

_SESSION: 
_COOKIE: Array
(
    [PHPSESSID] => v11f6p23mj53ett53ijgmi68p6
    [lhc_per] => {"vid":"b343yeweqnuq5tmnmifs"}
)

_FILES: Array
(
)[Sun, 04 May 14 19:25:31 -0300] TYPE: 2 LINE: 31
				FILE: /var/www/projetos/Liber/project/framework/cache/FileCache.php
				MESSAGE: mkdir(): File exists
				STATE: 
_SERVER: Array
(
    [REDIRECT_HTTP_AUTHORIZATION] => 
    [REDIRECT_Liber_URL_REWRITE] => 1
    [REDIRECT_STATUS] => 200
    [HTTP_AUTHORIZATION] => 
    [Liber_URL_REWRITE] => 1
    [HTTP_HOST] => dev.d
    [HTTP_CONNECTION] => keep-alive
    [HTTP_ACCEPT] => text/html,application/xhtml+xml,application/xml;q=0.9,image/webp,*/*;q=0.8
    [HTTP_USER_AGENT] => Mozilla/5.0 (X11; Linux x86_64) AppleWebKit/537.36 (KHTML, like Gecko) Chrome/34.0.1847.132 Safari/537.36
    [HTTP_REFERER] => http://dev.d/projetos/Liber/project/examples/app/caching
    [HTTP_ACCEPT_ENCODING] => gzip,deflate,sdch
    [HTTP_ACCEPT_LANGUAGE] => en-US,en;q=0.8,pt-BR;q=0.6,pt;q=0.4
    [HTTP_COOKIE] => PHPSESSID=v11f6p23mj53ett53ijgmi68p6; lhc_per={%22vid%22:%22b343yeweqnuq5tmnmifs%22}
    [PATH] => /usr/local/bin:/usr/bin:/bin
    [SERVER_SIGNATURE] => Apache/2.2.22 (Ubuntu) Server at dev.d Port 80

    [SERVER_SOFTWARE] => Apache/2.2.22 (Ubuntu)
    [SERVER_NAME] => dev.d
    [SERVER_ADDR] => 192.168.122.135
    [SERVER_PORT] => 80
    [REMOTE_ADDR] => 192.168.122.1
    [DOCUMENT_ROOT] => /var/www
    [SERVER_ADMIN] => djalmafilho@gmail.com
    [SCRIPT_FILENAME] => /var/www/projetos/Liber/project/examples/app/index.php
    [REMOTE_PORT] => 52707
    [REDIRECT_URL] => /projetos/Liber/project/examples/app/caching
    [GATEWAY_INTERFACE] => CGI/1.1
    [SERVER_PROTOCOL] => HTTP/1.1
    [REQUEST_METHOD] => GET
    [QUERY_STRING] => 
    [REQUEST_URI] => /projetos/Liber/project/examples/app/caching
    [SCRIPT_NAME] => /projetos/Liber/project/examples/app/index.php
    [PHP_SELF] => /projetos/Liber/project/examples/app/index.php
    [REQUEST_TIME] => 1399242331
)

_POST: Array
(
)

_GET: Array
(
)

_SESSION: 
_COOKIE: Array
(
    [PHPSESSID] => v11f6p23mj53ett53ijgmi68p6
    [lhc_per] => {"vid":"b343yeweqnuq5tmnmifs"}
)

_FILES: Array
(
)[Sun, 04 May 14 19:25:32 -0300] TYPE: 2 LINE: 31
				FILE: /var/www/projetos/Liber/project/framework/cache/FileCache.php
				MESSAGE: mkdir(): File exists
				STATE: 
_SERVER: Array
(
    [REDIRECT_HTTP_AUTHORIZATION] => 
    [REDIRECT_Liber_URL_REWRITE] => 1
    [REDIRECT_STATUS] => 200
    [HTTP_AUTHORIZATION] => 
    [Liber_URL_REWRITE] => 1
    [HTTP_HOST] => dev.d
    [HTTP_CONNECTION] => keep-alive
    [HTTP_ACCEPT] => text/html,application/xhtml+xml,application/xml;q=0.9,image/webp,*/*;q=0.8
    [HTTP_USER_AGENT] => Mozilla/5.0 (X11; Linux x86_64) AppleWebKit/537.36 (KHTML, like Gecko) Chrome/34.0.1847.132 Safari/537.36
    [HTTP_REFERER] => http://dev.d/projetos/Liber/project/examples/app/caching
    [HTTP_ACCEPT_ENCODING] => gzip,deflate,sdch
    [HTTP_ACCEPT_LANGUAGE] => en-US,en;q=0.8,pt-BR;q=0.6,pt;q=0.4
    [HTTP_COOKIE] => PHPSESSID=v11f6p23mj53ett53ijgmi68p6; lhc_per={%22vid%22:%22b343yeweqnuq5tmnmifs%22}
    [PATH] => /usr/local/bin:/usr/bin:/bin
    [SERVER_SIGNATURE] => Apache/2.2.22 (Ubuntu) Server at dev.d Port 80

    [SERVER_SOFTWARE] => Apache/2.2.22 (Ubuntu)
    [SERVER_NAME] => dev.d
    [SERVER_ADDR] => 192.168.122.135
    [SERVER_PORT] => 80
    [REMOTE_ADDR] => 192.168.122.1
    [DOCUMENT_ROOT] => /var/www
    [SERVER_ADMIN] => djalmafilho@gmail.com
    [SCRIPT_FILENAME] => /var/www/projetos/Liber/project/examples/app/index.php
    [REMOTE_PORT] => 52708
    [REDIRECT_URL] => /projetos/Liber/project/examples/app/caching
    [GATEWAY_INTERFACE] => CGI/1.1
    [SERVER_PROTOCOL] => HTTP/1.1
    [REQUEST_METHOD] => GET
    [QUERY_STRING] => 
    [REQUEST_URI] => /projetos/Liber/project/examples/app/caching
    [SCRIPT_NAME] => /projetos/Liber/project/examples/app/index.php
    [PHP_SELF] => /projetos/Liber/project/examples/app/index.php
    [REQUEST_TIME] => 1399242332
)

_POST: Array
(
)

_GET: Array
(
)

_SESSION: 
_COOKIE: Array
(
    [PHPSESSID] => v11f6p23mj53ett53ijgmi68p6
    [lhc_per] => {"vid":"b343yeweqnuq5tmnmifs"}
)

_FILES: Array
(
)[Sun, 04 May 14 19:25:32 -0300] TYPE: 2 LINE: 31
				FILE: /var/www/projetos/Liber/project/framework/cache/FileCache.php
				MESSAGE: mkdir(): File exists
				STATE: 
_SERVER: Array
(
    [REDIRECT_HTTP_AUTHORIZATION] => 
    [REDIRECT_Liber_URL_REWRITE] => 1
    [REDIRECT_STATUS] => 200
    [HTTP_AUTHORIZATION] => 
    [Liber_URL_REWRITE] => 1
    [HTTP_HOST] => dev.d
    [HTTP_CONNECTION] => keep-alive
    [HTTP_ACCEPT] => text/html,application/xhtml+xml,application/xml;q=0.9,image/webp,*/*;q=0.8
    [HTTP_USER_AGENT] => Mozilla/5.0 (X11; Linux x86_64) AppleWebKit/537.36 (KHTML, like Gecko) Chrome/34.0.1847.132 Safari/537.36
    [HTTP_REFERER] => http://dev.d/projetos/Liber/project/examples/app/caching
    [HTTP_ACCEPT_ENCODING] => gzip,deflate,sdch
    [HTTP_ACCEPT_LANGUAGE] => en-US,en;q=0.8,pt-BR;q=0.6,pt;q=0.4
    [HTTP_COOKIE] => PHPSESSID=v11f6p23mj53ett53ijgmi68p6; lhc_per={%22vid%22:%22b343yeweqnuq5tmnmifs%22}
    [PATH] => /usr/local/bin:/usr/bin:/bin
    [SERVER_SIGNATURE] => Apache/2.2.22 (Ubuntu) Server at dev.d Port 80

    [SERVER_SOFTWARE] => Apache/2.2.22 (Ubuntu)
    [SERVER_NAME] => dev.d
    [SERVER_ADDR] => 192.168.122.135
    [SERVER_PORT] => 80
    [REMOTE_ADDR] => 192.168.122.1
    [DOCUMENT_ROOT] => /var/www
    [SERVER_ADMIN] => djalmafilho@gmail.com
    [SCRIPT_FILENAME] => /var/www/projetos/Liber/project/examples/app/index.php
    [REMOTE_PORT] => 52709
    [REDIRECT_URL] => /projetos/Liber/project/examples/app/caching
    [GATEWAY_INTERFACE] => CGI/1.1
    [SERVER_PROTOCOL] => HTTP/1.1
    [REQUEST_METHOD] => GET
    [QUERY_STRING] => 
    [REQUEST_URI] => /projetos/Liber/project/examples/app/caching
    [SCRIPT_NAME] => /projetos/Liber/project/examples/app/index.php
    [PHP_SELF] => /projetos/Liber/project/examples/app/index.php
    [REQUEST_TIME] => 1399242332
)

_POST: Array
(
)

_GET: Array
(
)

_SESSION: 
_COOKIE: Array
(
    [PHPSESSID] => v11f6p23mj53ett53ijgmi68p6
    [lhc_per] => {"vid":"b343yeweqnuq5tmnmifs"}
)

_FILES: Array
(
)[Sun, 04 May 14 19:25:33 -0300] TYPE: 2 LINE: 31
				FILE: /var/www/projetos/Liber/project/framework/cache/FileCache.php
				MESSAGE: mkdir(): File exists
				STATE: 
_SERVER: Array
(
    [REDIRECT_HTTP_AUTHORIZATION] => 
    [REDIRECT_Liber_URL_REWRITE] => 1
    [REDIRECT_STATUS] => 200
    [HTTP_AUTHORIZATION] => 
    [Liber_URL_REWRITE] => 1
    [HTTP_HOST] => dev.d
    [HTTP_CONNECTION] => keep-alive
    [HTTP_ACCEPT] => text/html,application/xhtml+xml,application/xml;q=0.9,image/webp,*/*;q=0.8
    [HTTP_USER_AGENT] => Mozilla/5.0 (X11; Linux x86_64) AppleWebKit/537.36 (KHTML, like Gecko) Chrome/34.0.1847.132 Safari/537.36
    [HTTP_REFERER] => http://dev.d/projetos/Liber/project/examples/app/caching
    [HTTP_ACCEPT_ENCODING] => gzip,deflate,sdch
    [HTTP_ACCEPT_LANGUAGE] => en-US,en;q=0.8,pt-BR;q=0.6,pt;q=0.4
    [HTTP_COOKIE] => PHPSESSID=v11f6p23mj53ett53ijgmi68p6; lhc_per={%22vid%22:%22b343yeweqnuq5tmnmifs%22}
    [PATH] => /usr/local/bin:/usr/bin:/bin
    [SERVER_SIGNATURE] => Apache/2.2.22 (Ubuntu) Server at dev.d Port 80

    [SERVER_SOFTWARE] => Apache/2.2.22 (Ubuntu)
    [SERVER_NAME] => dev.d
    [SERVER_ADDR] => 192.168.122.135
    [SERVER_PORT] => 80
    [REMOTE_ADDR] => 192.168.122.1
    [DOCUMENT_ROOT] => /var/www
    [SERVER_ADMIN] => djalmafilho@gmail.com
    [SCRIPT_FILENAME] => /var/www/projetos/Liber/project/examples/app/index.php
    [REMOTE_PORT] => 52710
    [REDIRECT_URL] => /projetos/Liber/project/examples/app/caching
    [GATEWAY_INTERFACE] => CGI/1.1
    [SERVER_PROTOCOL] => HTTP/1.1
    [REQUEST_METHOD] => GET
    [QUERY_STRING] => 
    [REQUEST_URI] => /projetos/Liber/project/examples/app/caching
    [SCRIPT_NAME] => /projetos/Liber/project/examples/app/index.php
    [PHP_SELF] => /projetos/Liber/project/examples/app/index.php
    [REQUEST_TIME] => 1399242333
)

_POST: Array
(
)

_GET: Array
(
)

_SESSION: 
_COOKIE: Array
(
    [PHPSESSID] => v11f6p23mj53ett53ijgmi68p6
    [lhc_per] => {"vid":"b343yeweqnuq5tmnmifs"}
)

_FILES: Array
(
)[Sun, 04 May 14 19:52:28 -0300] TYPE: 64 LINE: 95
				FILE: /example/controller/MainController.php
				MESSAGE: Class declarations may not be nested
				STATE: 
_SERVER: Array
(
    [REDIRECT_HTTP_AUTHORIZATION] => 
    [REDIRECT_Liber_URL_REWRITE] => 1
    [REDIRECT_STATUS] => 200
    [HTTP_AUTHORIZATION] => 
    [Liber_URL_REWRITE] => 1
    [HTTP_HOST] => dev.d
    [HTTP_CONNECTION] => keep-alive
    [HTTP_CACHE_CONTROL] => max-age=0
    [HTTP_ACCEPT] => text/html,application/xhtml+xml,application/xml;q=0.9,image/webp,*/*;q=0.8
    [HTTP_USER_AGENT] => Mozilla/5.0 (X11; Linux x86_64) AppleWebKit/537.36 (KHTML, like Gecko) Chrome/34.0.1847.132 Safari/537.36
    [HTTP_ACCEPT_ENCODING] => gzip,deflate,sdch
    [HTTP_ACCEPT_LANGUAGE] => en-US,en;q=0.8,pt-BR;q=0.6,pt;q=0.4
    [HTTP_COOKIE] => PHPSESSID=v11f6p23mj53ett53ijgmi68p6; lhc_per={%22vid%22:%22b343yeweqnuq5tmnmifs%22}
    [PATH] => /usr/local/bin:/usr/bin:/bin
    [SERVER_SIGNATURE] => Apache/2.2.22 (Ubuntu) Server at dev.d Port 80

    [SERVER_SOFTWARE] => Apache/2.2.22 (Ubuntu)
    [SERVER_NAME] => dev.d
    [SERVER_ADDR] => 192.168.122.135
    [SERVER_PORT] => 80
    [REMOTE_ADDR] => 192.168.122.1
    [DOCUMENT_ROOT] => /var/www
    [SERVER_ADMIN] => djalmafilho@gmail.com
    [SCRIPT_FILENAME] => /var/www/projetos/Liber/project/examples/app/index.php
    [REMOTE_PORT] => 52757
    [REDIRECT_URL] => /projetos/Liber/project/examples/app/bench
    [GATEWAY_INTERFACE] => CGI/1.1
    [SERVER_PROTOCOL] => HTTP/1.1
    [REQUEST_METHOD] => GET
    [QUERY_STRING] => 
    [REQUEST_URI] => /projetos/Liber/project/examples/app/bench
    [SCRIPT_NAME] => /projetos/Liber/project/examples/app/index.php
    [PHP_SELF] => /projetos/Liber/project/examples/app/index.php
    [REQUEST_TIME] => 1399243948
)

_POST: Array
(
)

_GET: Array
(
)

_SESSION: 
_COOKIE: Array
(
    [PHPSESSID] => v11f6p23mj53ett53ijgmi68p6
    [lhc_per] => {"vid":"b343yeweqnuq5tmnmifs"}
)

_FILES: Array
(
)[Sun, 04 May 14 20:17:39 -0300] TYPE: 1 LINE: 111
				FILE: /example/controller/MainController.php
				MESSAGE: Call to undefined function slrlen()
				STATE: 
_SERVER: Array
(
    [REDIRECT_HTTP_AUTHORIZATION] => 
    [REDIRECT_Liber_URL_REWRITE] => 1
    [REDIRECT_STATUS] => 200
    [HTTP_AUTHORIZATION] => 
    [Liber_URL_REWRITE] => 1
    [HTTP_HOST] => dev.d
    [HTTP_CONNECTION] => keep-alive
    [HTTP_CACHE_CONTROL] => max-age=0
    [HTTP_ACCEPT] => text/html,application/xhtml+xml,application/xml;q=0.9,image/webp,*/*;q=0.8
    [HTTP_USER_AGENT] => Mozilla/5.0 (X11; Linux x86_64) AppleWebKit/537.36 (KHTML, like Gecko) Chrome/34.0.1847.132 Safari/537.36
    [HTTP_ACCEPT_ENCODING] => gzip,deflate,sdch
    [HTTP_ACCEPT_LANGUAGE] => en-US,en;q=0.8,pt-BR;q=0.6,pt;q=0.4
    [HTTP_COOKIE] => PHPSESSID=v11f6p23mj53ett53ijgmi68p6; lhc_per={%22vid%22:%22b343yeweqnuq5tmnmifs%22}
    [PATH] => /usr/local/bin:/usr/bin:/bin
    [SERVER_SIGNATURE] => Apache/2.2.22 (Ubuntu) Server at dev.d Port 80

    [SERVER_SOFTWARE] => Apache/2.2.22 (Ubuntu)
    [SERVER_NAME] => dev.d
    [SERVER_ADDR] => 192.168.122.135
    [SERVER_PORT] => 80
    [REMOTE_ADDR] => 192.168.122.1
    [DOCUMENT_ROOT] => /var/www
    [SERVER_ADMIN] => djalmafilho@gmail.com
    [SCRIPT_FILENAME] => /var/www/projetos/Liber/project/examples/app/index.php
    [REMOTE_PORT] => 52902
    [REDIRECT_URL] => /projetos/Liber/project/examples/app/bench
    [GATEWAY_INTERFACE] => CGI/1.1
    [SERVER_PROTOCOL] => HTTP/1.1
    [REQUEST_METHOD] => GET
    [QUERY_STRING] => 
    [REQUEST_URI] => /projetos/Liber/project/examples/app/bench
    [SCRIPT_NAME] => /projetos/Liber/project/examples/app/index.php
    [PHP_SELF] => /projetos/Liber/project/examples/app/index.php
    [REQUEST_TIME] => 1399245459
)

_POST: Array
(
)

_GET: Array
(
)

_SESSION: 
_COOKIE: Array
(
    [PHPSESSID] => v11f6p23mj53ett53ijgmi68p6
    [lhc_per] => {"vid":"b343yeweqnuq5tmnmifs"}
)

_FILES: Array
(
)[Sun, 04 May 14 23:24:11 -0300] TYPE: 4 LINE: 99
				FILE: /example/controller/MainController.php
				MESSAGE: syntax error, unexpected ')', expecting T_PAAMAYIM_NEKUDOTAYIM
				STATE: 
_SERVER: Array
(
    [REDIRECT_HTTP_AUTHORIZATION] => 
    [REDIRECT_Liber_URL_REWRITE] => 1
    [REDIRECT_STATUS] => 200
    [HTTP_AUTHORIZATION] => 
    [Liber_URL_REWRITE] => 1
    [HTTP_HOST] => dev.d
    [HTTP_CONNECTION] => keep-alive
    [HTTP_CACHE_CONTROL] => max-age=0
    [HTTP_ACCEPT] => text/html,application/xhtml+xml,application/xml;q=0.9,image/webp,*/*;q=0.8
    [HTTP_USER_AGENT] => Mozilla/5.0 (X11; Linux x86_64) AppleWebKit/537.36 (KHTML, like Gecko) Chrome/34.0.1847.132 Safari/537.36
    [HTTP_ACCEPT_ENCODING] => gzip,deflate,sdch
    [HTTP_ACCEPT_LANGUAGE] => en-US,en;q=0.8,pt-BR;q=0.6,pt;q=0.4
    [HTTP_COOKIE] => PHPSESSID=v11f6p23mj53ett53ijgmi68p6; lhc_per={%22vid%22:%22b343yeweqnuq5tmnmifs%22}
    [PATH] => /usr/local/bin:/usr/bin:/bin
    [SERVER_SIGNATURE] => Apache/2.2.22 (Ubuntu) Server at dev.d Port 80

    [SERVER_SOFTWARE] => Apache/2.2.22 (Ubuntu)
    [SERVER_NAME] => dev.d
    [SERVER_ADDR] => 192.168.122.135
    [SERVER_PORT] => 80
    [REMOTE_ADDR] => 192.168.122.1
    [DOCUMENT_ROOT] => /var/www
    [SERVER_ADMIN] => djalmafilho@gmail.com
    [SCRIPT_FILENAME] => /var/www/projetos/Liber/project/examples/app/index.php
    [REMOTE_PORT] => 53443
    [REDIRECT_URL] => /projetos/Liber/project/examples/app/bench
    [GATEWAY_INTERFACE] => CGI/1.1
    [SERVER_PROTOCOL] => HTTP/1.1
    [REQUEST_METHOD] => GET
    [QUERY_STRING] => 
    [REQUEST_URI] => /projetos/Liber/project/examples/app/bench
    [SCRIPT_NAME] => /projetos/Liber/project/examples/app/index.php
    [PHP_SELF] => /projetos/Liber/project/examples/app/index.php
    [REQUEST_TIME] => 1399256651
)

_POST: Array
(
)

_GET: Array
(
)

_SESSION: 
_COOKIE: Array
(
    [PHPSESSID] => v11f6p23mj53ett53ijgmi68p6
    [lhc_per] => {"vid":"b343yeweqnuq5tmnmifs"}
)

_FILES: Array
(
)