[Tue, 09 Dec 14 11:47:38 -0200] TYPE: 1 LINE: 307
				FILE: /var/www/html/projetos/Liber/project/framework/Liber.php
				MESSAGE: Class 'APP' not found
				STATE: 
_SERVER: Array
(
    [REDIRECT_HTTP_AUTHORIZATION] => 
    [REDIRECT_Liber_URL_REWRITE] => 1
    [REDIRECT_STATUS] => 200
    [HTTP_AUTHORIZATION] => 
    [Liber_URL_REWRITE] => 1
    [HTTP_HOST] => dev.d
    [HTTP_CONNECTION] => keep-alive
    [CONTENT_LENGTH] => 14
    [HTTP_ACCEPT] => application/json, text/javascript, */*; q=0.01
    [HTTP_ORIGIN] => http://dev.d
    [HTTP_X_REQUESTED_WITH] => XMLHttpRequest
    [HTTP_USER_AGENT] => Mozilla/5.0 (X11; Linux x86_64) AppleWebKit/537.36 (KHTML, like Gecko) Chrome/39.0.2171.71 Safari/537.36
    [CONTENT_TYPE] => application/x-www-form-urlencoded; charset=UTF-8
    [HTTP_REFERER] => http://dev.d/projetos/Liber/project/examples/admin_panel/public_html/recover_access
    [HTTP_ACCEPT_ENCODING] => gzip, deflate
    [HTTP_ACCEPT_LANGUAGE] => en-US,en;q=0.8,pt-BR;q=0.6,pt;q=0.4
    [HTTP_COOKIE] => PHPSESSID=v11f6p23mj53ett53ijgmi68p6; __utma=48233394.1791835618.1401371765.1402320277.1402400766.3; __utmc=48233394; __utmz=48233394.1401371765.1.1.utmcsr=(direct)|utmccn=(direct)|utmcmd=(none); MANTIS_secure_session=1; MANTIS_STRING_COOKIE=a339f6420964b4166499c876fa8d936f9b9d54971baccfacfbdfa9c6591f03da; THEBUGGENIE=08iomiepe7shi9cl18icrmm6j7; lhc_per={%22vid%22:%22b343yeweqnuq5tmnmifs%22%2C%22lhc_hnh%22:%221405089562%22}
    [PATH] => /usr/local/sbin:/usr/local/bin:/usr/sbin:/usr/bin:/sbin:/bin
    [SERVER_SIGNATURE] => Apache/2.4.7 (Ubuntu) Server at dev.d Port 80

    [SERVER_SOFTWARE] => Apache/2.4.7 (Ubuntu)
    [SERVER_NAME] => dev.d
    [SERVER_ADDR] => 172.17.0.2
    [SERVER_PORT] => 80
    [REMOTE_ADDR] => 172.17.43.1
    [DOCUMENT_ROOT] => /var/www/html
    [REQUEST_SCHEME] => http
    [CONTEXT_PREFIX] => 
    [CONTEXT_DOCUMENT_ROOT] => /var/www/html
    [SERVER_ADMIN] => djalmafilho@gmail.com
    [SCRIPT_FILENAME] => /var/www/html/projetos/Liber/project/examples/admin_panel/public_html/index.php
    [REMOTE_PORT] => 51630
    [REDIRECT_URL] => /projetos/Liber/project/examples/admin_panel/public_html/recover_access
    [GATEWAY_INTERFACE] => CGI/1.1
    [SERVER_PROTOCOL] => HTTP/1.1
    [REQUEST_METHOD] => POST
    [QUERY_STRING] => 
    [REQUEST_URI] => /projetos/Liber/project/examples/admin_panel/public_html/recover_access
    [SCRIPT_NAME] => /projetos/Liber/project/examples/admin_panel/public_html/index.php
    [PHP_SELF] => /projetos/Liber/project/examples/admin_panel/public_html/index.php
    [REQUEST_TIME_FLOAT] => 1418132858.003
    [REQUEST_TIME] => 1418132858
)

_POST: Array
(
    [username] => liber
)

_GET: Array
(
)

_SESSION: 
_COOKIE: Array
(
    [PHPSESSID] => v11f6p23mj53ett53ijgmi68p6
    [__utma] => 48233394.1791835618.1401371765.1402320277.1402400766.3
    [__utmc] => 48233394
    [__utmz] => 48233394.1401371765.1.1.utmcsr=(direct)|utmccn=(direct)|utmcmd=(none)
    [MANTIS_secure_session] => 1
    [MANTIS_STRING_COOKIE] => a339f6420964b4166499c876fa8d936f9b9d54971baccfacfbdfa9c6591f03da
    [THEBUGGENIE] => 08iomiepe7shi9cl18icrmm6j7
    [lhc_per] => {"vid":"b343yeweqnuq5tmnmifs","lhc_hnh":"1405089562"}
)

_FILES: Array
(
)[Tue, 09 Dec 14 12:09:30 -0200] TYPE: 1 LINE: 156
				FILE: /app/model/User.php
				MESSAGE: Call to undefined method User::password_hash()
				STATE: 
_SERVER: Array
(
    [REDIRECT_HTTP_AUTHORIZATION] => 
    [REDIRECT_Liber_URL_REWRITE] => 1
    [REDIRECT_STATUS] => 200
    [HTTP_AUTHORIZATION] => 
    [Liber_URL_REWRITE] => 1
    [HTTP_HOST] => dev.d
    [HTTP_CONNECTION] => keep-alive
    [CONTENT_LENGTH] => 14
    [HTTP_ACCEPT] => application/json, text/javascript, */*; q=0.01
    [HTTP_ORIGIN] => http://dev.d
    [HTTP_X_REQUESTED_WITH] => XMLHttpRequest
    [HTTP_USER_AGENT] => Mozilla/5.0 (X11; Linux x86_64) AppleWebKit/537.36 (KHTML, like Gecko) Chrome/39.0.2171.71 Safari/537.36
    [CONTENT_TYPE] => application/x-www-form-urlencoded; charset=UTF-8
    [HTTP_REFERER] => http://dev.d/projetos/Liber/project/examples/admin_panel/public_html/recover_access
    [HTTP_ACCEPT_ENCODING] => gzip, deflate
    [HTTP_ACCEPT_LANGUAGE] => en-US,en;q=0.8,pt-BR;q=0.6,pt;q=0.4
    [HTTP_COOKIE] => PHPSESSID=v11f6p23mj53ett53ijgmi68p6; __utma=48233394.1791835618.1401371765.1402320277.1402400766.3; __utmc=48233394; __utmz=48233394.1401371765.1.1.utmcsr=(direct)|utmccn=(direct)|utmcmd=(none); MANTIS_secure_session=1; MANTIS_STRING_COOKIE=a339f6420964b4166499c876fa8d936f9b9d54971baccfacfbdfa9c6591f03da; THEBUGGENIE=08iomiepe7shi9cl18icrmm6j7; lhc_per={%22vid%22:%22b343yeweqnuq5tmnmifs%22%2C%22lhc_hnh%22:%221405089562%22}
    [PATH] => /usr/local/sbin:/usr/local/bin:/usr/sbin:/usr/bin:/sbin:/bin
    [SERVER_SIGNATURE] => Apache/2.4.7 (Ubuntu) Server at dev.d Port 80

    [SERVER_SOFTWARE] => Apache/2.4.7 (Ubuntu)
    [SERVER_NAME] => dev.d
    [SERVER_ADDR] => 172.17.0.2
    [SERVER_PORT] => 80
    [REMOTE_ADDR] => 172.17.43.1
    [DOCUMENT_ROOT] => /var/www/html
    [REQUEST_SCHEME] => http
    [CONTEXT_PREFIX] => 
    [CONTEXT_DOCUMENT_ROOT] => /var/www/html
    [SERVER_ADMIN] => djalmafilho@gmail.com
    [SCRIPT_FILENAME] => /var/www/html/projetos/Liber/project/examples/admin_panel/public_html/index.php
    [REMOTE_PORT] => 54298
    [REDIRECT_URL] => /projetos/Liber/project/examples/admin_panel/public_html/recover_access
    [GATEWAY_INTERFACE] => CGI/1.1
    [SERVER_PROTOCOL] => HTTP/1.1
    [REQUEST_METHOD] => POST
    [QUERY_STRING] => 
    [REQUEST_URI] => /projetos/Liber/project/examples/admin_panel/public_html/recover_access
    [SCRIPT_NAME] => /projetos/Liber/project/examples/admin_panel/public_html/index.php
    [PHP_SELF] => /projetos/Liber/project/examples/admin_panel/public_html/index.php
    [REQUEST_TIME_FLOAT] => 1418134170.179
    [REQUEST_TIME] => 1418134170
)

_POST: Array
(
    [username] => liber
)

_GET: Array
(
)

_SESSION: 
_COOKIE: Array
(
    [PHPSESSID] => v11f6p23mj53ett53ijgmi68p6
    [__utma] => 48233394.1791835618.1401371765.1402320277.1402400766.3
    [__utmc] => 48233394
    [__utmz] => 48233394.1401371765.1.1.utmcsr=(direct)|utmccn=(direct)|utmcmd=(none)
    [MANTIS_secure_session] => 1
    [MANTIS_STRING_COOKIE] => a339f6420964b4166499c876fa8d936f9b9d54971baccfacfbdfa9c6591f03da
    [THEBUGGENIE] => 08iomiepe7shi9cl18icrmm6j7
    [lhc_per] => {"vid":"b343yeweqnuq5tmnmifs","lhc_hnh":"1405089562"}
)

_FILES: Array
(
)[Tue, 09 Dec 14 12:12:51 -0200] TYPE: 4 LINE: 156
				FILE: /app/model/User.php
				MESSAGE: syntax error, unexpected ';'
				STATE: 
_SERVER: Array
(
    [REDIRECT_HTTP_AUTHORIZATION] => 
    [REDIRECT_Liber_URL_REWRITE] => 1
    [REDIRECT_STATUS] => 200
    [HTTP_AUTHORIZATION] => 
    [Liber_URL_REWRITE] => 1
    [HTTP_HOST] => dev.d
    [HTTP_CONNECTION] => keep-alive
    [CONTENT_LENGTH] => 14
    [HTTP_ACCEPT] => application/json, text/javascript, */*; q=0.01
    [HTTP_ORIGIN] => http://dev.d
    [HTTP_X_REQUESTED_WITH] => XMLHttpRequest
    [HTTP_USER_AGENT] => Mozilla/5.0 (X11; Linux x86_64) AppleWebKit/537.36 (KHTML, like Gecko) Chrome/39.0.2171.71 Safari/537.36
    [CONTENT_TYPE] => application/x-www-form-urlencoded; charset=UTF-8
    [HTTP_REFERER] => http://dev.d/projetos/Liber/project/examples/admin_panel/public_html/recover_access
    [HTTP_ACCEPT_ENCODING] => gzip, deflate
    [HTTP_ACCEPT_LANGUAGE] => en-US,en;q=0.8,pt-BR;q=0.6,pt;q=0.4
    [HTTP_COOKIE] => PHPSESSID=v11f6p23mj53ett53ijgmi68p6; __utma=48233394.1791835618.1401371765.1402320277.1402400766.3; __utmc=48233394; __utmz=48233394.1401371765.1.1.utmcsr=(direct)|utmccn=(direct)|utmcmd=(none); MANTIS_secure_session=1; MANTIS_STRING_COOKIE=a339f6420964b4166499c876fa8d936f9b9d54971baccfacfbdfa9c6591f03da; THEBUGGENIE=08iomiepe7shi9cl18icrmm6j7; lhc_per={%22vid%22:%22b343yeweqnuq5tmnmifs%22%2C%22lhc_hnh%22:%221405089562%22}
    [PATH] => /usr/local/sbin:/usr/local/bin:/usr/sbin:/usr/bin:/sbin:/bin
    [SERVER_SIGNATURE] => Apache/2.4.7 (Ubuntu) Server at dev.d Port 80

    [SERVER_SOFTWARE] => Apache/2.4.7 (Ubuntu)
    [SERVER_NAME] => dev.d
    [SERVER_ADDR] => 172.17.0.2
    [SERVER_PORT] => 80
    [REMOTE_ADDR] => 172.17.43.1
    [DOCUMENT_ROOT] => /var/www/html
    [REQUEST_SCHEME] => http
    [CONTEXT_PREFIX] => 
    [CONTEXT_DOCUMENT_ROOT] => /var/www/html
    [SERVER_ADMIN] => djalmafilho@gmail.com
    [SCRIPT_FILENAME] => /var/www/html/projetos/Liber/project/examples/admin_panel/public_html/index.php
    [REMOTE_PORT] => 54715
    [REDIRECT_URL] => /projetos/Liber/project/examples/admin_panel/public_html/recover_access
    [GATEWAY_INTERFACE] => CGI/1.1
    [SERVER_PROTOCOL] => HTTP/1.1
    [REQUEST_METHOD] => POST
    [QUERY_STRING] => 
    [REQUEST_URI] => /projetos/Liber/project/examples/admin_panel/public_html/recover_access
    [SCRIPT_NAME] => /projetos/Liber/project/examples/admin_panel/public_html/index.php
    [PHP_SELF] => /projetos/Liber/project/examples/admin_panel/public_html/index.php
    [REQUEST_TIME_FLOAT] => 1418134371.644
    [REQUEST_TIME] => 1418134371
)

_POST: Array
(
    [username] => liber
)

_GET: Array
(
)

_SESSION: 
_COOKIE: Array
(
    [PHPSESSID] => v11f6p23mj53ett53ijgmi68p6
    [__utma] => 48233394.1791835618.1401371765.1402320277.1402400766.3
    [__utmc] => 48233394
    [__utmz] => 48233394.1401371765.1.1.utmcsr=(direct)|utmccn=(direct)|utmcmd=(none)
    [MANTIS_secure_session] => 1
    [MANTIS_STRING_COOKIE] => a339f6420964b4166499c876fa8d936f9b9d54971baccfacfbdfa9c6591f03da
    [THEBUGGENIE] => 08iomiepe7shi9cl18icrmm6j7
    [lhc_per] => {"vid":"b343yeweqnuq5tmnmifs","lhc_hnh":"1405089562"}
)

_FILES: Array
(
)[Tue, 09 Dec 14 12:14:06 -0200] TYPE: 1 LINE: 106
				FILE: /app/model/User.php
				MESSAGE: Maximum execution time of 30 seconds exceeded
				STATE: 
_SERVER: Array
(
    [REDIRECT_HTTP_AUTHORIZATION] => 
    [REDIRECT_Liber_URL_REWRITE] => 1
    [REDIRECT_STATUS] => 200
    [HTTP_AUTHORIZATION] => 
    [Liber_URL_REWRITE] => 1
    [HTTP_HOST] => dev.d
    [HTTP_CONNECTION] => keep-alive
    [CONTENT_LENGTH] => 14
    [HTTP_ACCEPT] => application/json, text/javascript, */*; q=0.01
    [HTTP_ORIGIN] => http://dev.d
    [HTTP_X_REQUESTED_WITH] => XMLHttpRequest
    [HTTP_USER_AGENT] => Mozilla/5.0 (X11; Linux x86_64) AppleWebKit/537.36 (KHTML, like Gecko) Chrome/39.0.2171.71 Safari/537.36
    [CONTENT_TYPE] => application/x-www-form-urlencoded; charset=UTF-8
    [HTTP_REFERER] => http://dev.d/projetos/Liber/project/examples/admin_panel/public_html/recover_access
    [HTTP_ACCEPT_ENCODING] => gzip, deflate
    [HTTP_ACCEPT_LANGUAGE] => en-US,en;q=0.8,pt-BR;q=0.6,pt;q=0.4
    [HTTP_COOKIE] => PHPSESSID=v11f6p23mj53ett53ijgmi68p6; __utma=48233394.1791835618.1401371765.1402320277.1402400766.3; __utmc=48233394; __utmz=48233394.1401371765.1.1.utmcsr=(direct)|utmccn=(direct)|utmcmd=(none); MANTIS_secure_session=1; MANTIS_STRING_COOKIE=a339f6420964b4166499c876fa8d936f9b9d54971baccfacfbdfa9c6591f03da; THEBUGGENIE=08iomiepe7shi9cl18icrmm6j7; lhc_per={%22vid%22:%22b343yeweqnuq5tmnmifs%22%2C%22lhc_hnh%22:%221405089562%22}
    [PATH] => /usr/local/sbin:/usr/local/bin:/usr/sbin:/usr/bin:/sbin:/bin
    [SERVER_SIGNATURE] => Apache/2.4.7 (Ubuntu) Server at dev.d Port 80

    [SERVER_SOFTWARE] => Apache/2.4.7 (Ubuntu)
    [SERVER_NAME] => dev.d
    [SERVER_ADDR] => 172.17.0.2
    [SERVER_PORT] => 80
    [REMOTE_ADDR] => 172.17.43.1
    [DOCUMENT_ROOT] => /var/www/html
    [REQUEST_SCHEME] => http
    [CONTEXT_PREFIX] => 
    [CONTEXT_DOCUMENT_ROOT] => /var/www/html
    [SERVER_ADMIN] => djalmafilho@gmail.com
    [SCRIPT_FILENAME] => /var/www/html/projetos/Liber/project/examples/admin_panel/public_html/index.php
    [REMOTE_PORT] => 54815
    [REDIRECT_URL] => /projetos/Liber/project/examples/admin_panel/public_html/recover_access
    [GATEWAY_INTERFACE] => CGI/1.1
    [SERVER_PROTOCOL] => HTTP/1.1
    [REQUEST_METHOD] => POST
    [QUERY_STRING] => 
    [REQUEST_URI] => /projetos/Liber/project/examples/admin_panel/public_html/recover_access
    [SCRIPT_NAME] => /projetos/Liber/project/examples/admin_panel/public_html/index.php
    [PHP_SELF] => /projetos/Liber/project/examples/admin_panel/public_html/index.php
    [REQUEST_TIME_FLOAT] => 1418134416.445
    [REQUEST_TIME] => 1418134416
)

_POST: Array
(
    [username] => liber
)

_GET: Array
(
)

_SESSION: 
_COOKIE: Array
(
    [PHPSESSID] => v11f6p23mj53ett53ijgmi68p6
    [__utma] => 48233394.1791835618.1401371765.1402320277.1402400766.3
    [__utmc] => 48233394
    [__utmz] => 48233394.1401371765.1.1.utmcsr=(direct)|utmccn=(direct)|utmcmd=(none)
    [MANTIS_secure_session] => 1
    [MANTIS_STRING_COOKIE] => a339f6420964b4166499c876fa8d936f9b9d54971baccfacfbdfa9c6591f03da
    [THEBUGGENIE] => 08iomiepe7shi9cl18icrmm6j7
    [lhc_per] => {"vid":"b343yeweqnuq5tmnmifs","lhc_hnh":"1405089562"}
)

_FILES: Array
(
)[Tue, 09 Dec 14 12:15:26 -0200] TYPE: 1 LINE: 106
				FILE: /app/model/User.php
				MESSAGE: Maximum execution time of 30 seconds exceeded
				STATE: 
_SERVER: Array
(
    [REDIRECT_HTTP_AUTHORIZATION] => 
    [REDIRECT_Liber_URL_REWRITE] => 1
    [REDIRECT_STATUS] => 200
    [HTTP_AUTHORIZATION] => 
    [Liber_URL_REWRITE] => 1
    [HTTP_HOST] => dev.d
    [HTTP_CONNECTION] => keep-alive
    [CONTENT_LENGTH] => 14
    [HTTP_ACCEPT] => application/json, text/javascript, */*; q=0.01
    [HTTP_ORIGIN] => http://dev.d
    [HTTP_X_REQUESTED_WITH] => XMLHttpRequest
    [HTTP_USER_AGENT] => Mozilla/5.0 (X11; Linux x86_64) AppleWebKit/537.36 (KHTML, like Gecko) Chrome/39.0.2171.71 Safari/537.36
    [CONTENT_TYPE] => application/x-www-form-urlencoded; charset=UTF-8
    [HTTP_REFERER] => http://dev.d/projetos/Liber/project/examples/admin_panel/public_html/recover_access
    [HTTP_ACCEPT_ENCODING] => gzip, deflate
    [HTTP_ACCEPT_LANGUAGE] => en-US,en;q=0.8,pt-BR;q=0.6,pt;q=0.4
    [HTTP_COOKIE] => PHPSESSID=v11f6p23mj53ett53ijgmi68p6; __utma=48233394.1791835618.1401371765.1402320277.1402400766.3; __utmc=48233394; __utmz=48233394.1401371765.1.1.utmcsr=(direct)|utmccn=(direct)|utmcmd=(none); MANTIS_secure_session=1; MANTIS_STRING_COOKIE=a339f6420964b4166499c876fa8d936f9b9d54971baccfacfbdfa9c6591f03da; THEBUGGENIE=08iomiepe7shi9cl18icrmm6j7; lhc_per={%22vid%22:%22b343yeweqnuq5tmnmifs%22%2C%22lhc_hnh%22:%221405089562%22}
    [PATH] => /usr/local/sbin:/usr/local/bin:/usr/sbin:/usr/bin:/sbin:/bin
    [SERVER_SIGNATURE] => Apache/2.4.7 (Ubuntu) Server at dev.d Port 80

    [SERVER_SOFTWARE] => Apache/2.4.7 (Ubuntu)
    [SERVER_NAME] => dev.d
    [SERVER_ADDR] => 172.17.0.2
    [SERVER_PORT] => 80
    [REMOTE_ADDR] => 172.17.43.1
    [DOCUMENT_ROOT] => /var/www/html
    [REQUEST_SCHEME] => http
    [CONTEXT_PREFIX] => 
    [CONTEXT_DOCUMENT_ROOT] => /var/www/html
    [SERVER_ADMIN] => djalmafilho@gmail.com
    [SCRIPT_FILENAME] => /var/www/html/projetos/Liber/project/examples/admin_panel/public_html/index.php
    [REMOTE_PORT] => 54969
    [REDIRECT_URL] => /projetos/Liber/project/examples/admin_panel/public_html/recover_access
    [GATEWAY_INTERFACE] => CGI/1.1
    [SERVER_PROTOCOL] => HTTP/1.1
    [REQUEST_METHOD] => POST
    [QUERY_STRING] => 
    [REQUEST_URI] => /projetos/Liber/project/examples/admin_panel/public_html/recover_access
    [SCRIPT_NAME] => /projetos/Liber/project/examples/admin_panel/public_html/index.php
    [PHP_SELF] => /projetos/Liber/project/examples/admin_panel/public_html/index.php
    [REQUEST_TIME_FLOAT] => 1418134495.907
    [REQUEST_TIME] => 1418134495
)

_POST: Array
(
    [username] => liber
)

_GET: Array
(
)

_SESSION: 
_COOKIE: Array
(
    [PHPSESSID] => v11f6p23mj53ett53ijgmi68p6
    [__utma] => 48233394.1791835618.1401371765.1402320277.1402400766.3
    [__utmc] => 48233394
    [__utmz] => 48233394.1401371765.1.1.utmcsr=(direct)|utmccn=(direct)|utmcmd=(none)
    [MANTIS_secure_session] => 1
    [MANTIS_STRING_COOKIE] => a339f6420964b4166499c876fa8d936f9b9d54971baccfacfbdfa9c6591f03da
    [THEBUGGENIE] => 08iomiepe7shi9cl18icrmm6j7
    [lhc_per] => {"vid":"b343yeweqnuq5tmnmifs","lhc_hnh":"1405089562"}
)

_FILES: Array
(
)[Tue, 09 Dec 14 12:28:04 -0200] TYPE: 1 LINE: 106
				FILE: /app/model/User.php
				MESSAGE: Maximum execution time of 30 seconds exceeded
				STATE: 
_SERVER: Array
(
    [REDIRECT_HTTP_AUTHORIZATION] => 
    [REDIRECT_Liber_URL_REWRITE] => 1
    [REDIRECT_STATUS] => 200
    [HTTP_AUTHORIZATION] => 
    [Liber_URL_REWRITE] => 1
    [HTTP_HOST] => dev.d
    [HTTP_CONNECTION] => keep-alive
    [CONTENT_LENGTH] => 14
    [HTTP_ACCEPT] => application/json, text/javascript, */*; q=0.01
    [HTTP_ORIGIN] => http://dev.d
    [HTTP_X_REQUESTED_WITH] => XMLHttpRequest
    [HTTP_USER_AGENT] => Mozilla/5.0 (X11; Linux x86_64) AppleWebKit/537.36 (KHTML, like Gecko) Chrome/39.0.2171.71 Safari/537.36
    [CONTENT_TYPE] => application/x-www-form-urlencoded; charset=UTF-8
    [HTTP_REFERER] => http://dev.d/projetos/Liber/project/examples/admin_panel/public_html/recover_access
    [HTTP_ACCEPT_ENCODING] => gzip, deflate
    [HTTP_ACCEPT_LANGUAGE] => en-US,en;q=0.8,pt-BR;q=0.6,pt;q=0.4
    [HTTP_COOKIE] => PHPSESSID=v11f6p23mj53ett53ijgmi68p6; __utma=48233394.1791835618.1401371765.1402320277.1402400766.3; __utmc=48233394; __utmz=48233394.1401371765.1.1.utmcsr=(direct)|utmccn=(direct)|utmcmd=(none); MANTIS_secure_session=1; MANTIS_STRING_COOKIE=a339f6420964b4166499c876fa8d936f9b9d54971baccfacfbdfa9c6591f03da; THEBUGGENIE=08iomiepe7shi9cl18icrmm6j7; lhc_per={%22vid%22:%22b343yeweqnuq5tmnmifs%22%2C%22lhc_hnh%22:%221405089562%22}
    [PATH] => /usr/local/sbin:/usr/local/bin:/usr/sbin:/usr/bin:/sbin:/bin
    [SERVER_SIGNATURE] => Apache/2.4.7 (Ubuntu) Server at dev.d Port 80

    [SERVER_SOFTWARE] => Apache/2.4.7 (Ubuntu)
    [SERVER_NAME] => dev.d
    [SERVER_ADDR] => 172.17.0.2
    [SERVER_PORT] => 80
    [REMOTE_ADDR] => 172.17.43.1
    [DOCUMENT_ROOT] => /var/www/html
    [REQUEST_SCHEME] => http
    [CONTEXT_PREFIX] => 
    [CONTEXT_DOCUMENT_ROOT] => /var/www/html
    [SERVER_ADMIN] => djalmafilho@gmail.com
    [SCRIPT_FILENAME] => /var/www/html/projetos/Liber/project/examples/admin_panel/public_html/index.php
    [REMOTE_PORT] => 56524
    [REDIRECT_URL] => /projetos/Liber/project/examples/admin_panel/public_html/recover_access
    [GATEWAY_INTERFACE] => CGI/1.1
    [SERVER_PROTOCOL] => HTTP/1.1
    [REQUEST_METHOD] => POST
    [QUERY_STRING] => 
    [REQUEST_URI] => /projetos/Liber/project/examples/admin_panel/public_html/recover_access
    [SCRIPT_NAME] => /projetos/Liber/project/examples/admin_panel/public_html/index.php
    [PHP_SELF] => /projetos/Liber/project/examples/admin_panel/public_html/index.php
    [REQUEST_TIME_FLOAT] => 1418135254.332
    [REQUEST_TIME] => 1418135254
)

_POST: Array
(
    [username] => liber
)

_GET: Array
(
)

_SESSION: 
_COOKIE: Array
(
    [PHPSESSID] => v11f6p23mj53ett53ijgmi68p6
    [__utma] => 48233394.1791835618.1401371765.1402320277.1402400766.3
    [__utmc] => 48233394
    [__utmz] => 48233394.1401371765.1.1.utmcsr=(direct)|utmccn=(direct)|utmcmd=(none)
    [MANTIS_secure_session] => 1
    [MANTIS_STRING_COOKIE] => a339f6420964b4166499c876fa8d936f9b9d54971baccfacfbdfa9c6591f03da
    [THEBUGGENIE] => 08iomiepe7shi9cl18icrmm6j7
    [lhc_per] => {"vid":"b343yeweqnuq5tmnmifs","lhc_hnh":"1405089562"}
)

_FILES: Array
(
)[Tue, 09 Dec 14 12:30:46 -0200] TYPE: 1 LINE: 106
				FILE: /app/model/User.php
				MESSAGE: Maximum execution time of 30 seconds exceeded
				STATE: 
_SERVER: Array
(
    [REDIRECT_HTTP_AUTHORIZATION] => 
    [REDIRECT_Liber_URL_REWRITE] => 1
    [REDIRECT_STATUS] => 200
    [HTTP_AUTHORIZATION] => 
    [Liber_URL_REWRITE] => 1
    [HTTP_HOST] => dev.d
    [HTTP_CONNECTION] => keep-alive
    [CONTENT_LENGTH] => 14
    [HTTP_ACCEPT] => application/json, text/javascript, */*; q=0.01
    [HTTP_ORIGIN] => http://dev.d
    [HTTP_X_REQUESTED_WITH] => XMLHttpRequest
    [HTTP_USER_AGENT] => Mozilla/5.0 (X11; Linux x86_64) AppleWebKit/537.36 (KHTML, like Gecko) Chrome/39.0.2171.71 Safari/537.36
    [CONTENT_TYPE] => application/x-www-form-urlencoded; charset=UTF-8
    [HTTP_REFERER] => http://dev.d/projetos/Liber/project/examples/admin_panel/public_html/recover_access
    [HTTP_ACCEPT_ENCODING] => gzip, deflate
    [HTTP_ACCEPT_LANGUAGE] => en-US,en;q=0.8,pt-BR;q=0.6,pt;q=0.4
    [HTTP_COOKIE] => PHPSESSID=v11f6p23mj53ett53ijgmi68p6; __utma=48233394.1791835618.1401371765.1402320277.1402400766.3; __utmc=48233394; __utmz=48233394.1401371765.1.1.utmcsr=(direct)|utmccn=(direct)|utmcmd=(none); MANTIS_secure_session=1; MANTIS_STRING_COOKIE=a339f6420964b4166499c876fa8d936f9b9d54971baccfacfbdfa9c6591f03da; THEBUGGENIE=08iomiepe7shi9cl18icrmm6j7; lhc_per={%22vid%22:%22b343yeweqnuq5tmnmifs%22%2C%22lhc_hnh%22:%221405089562%22}
    [PATH] => /usr/local/sbin:/usr/local/bin:/usr/sbin:/usr/bin:/sbin:/bin
    [SERVER_SIGNATURE] => Apache/2.4.7 (Ubuntu) Server at dev.d Port 80

    [SERVER_SOFTWARE] => Apache/2.4.7 (Ubuntu)
    [SERVER_NAME] => dev.d
    [SERVER_ADDR] => 172.17.0.2
    [SERVER_PORT] => 80
    [REMOTE_ADDR] => 172.17.43.1
    [DOCUMENT_ROOT] => /var/www/html
    [REQUEST_SCHEME] => http
    [CONTEXT_PREFIX] => 
    [CONTEXT_DOCUMENT_ROOT] => /var/www/html
    [SERVER_ADMIN] => djalmafilho@gmail.com
    [SCRIPT_FILENAME] => /var/www/html/projetos/Liber/project/examples/admin_panel/public_html/index.php
    [REMOTE_PORT] => 56871
    [REDIRECT_URL] => /projetos/Liber/project/examples/admin_panel/public_html/recover_access
    [GATEWAY_INTERFACE] => CGI/1.1
    [SERVER_PROTOCOL] => HTTP/1.1
    [REQUEST_METHOD] => POST
    [QUERY_STRING] => 
    [REQUEST_URI] => /projetos/Liber/project/examples/admin_panel/public_html/recover_access
    [SCRIPT_NAME] => /projetos/Liber/project/examples/admin_panel/public_html/index.php
    [PHP_SELF] => /projetos/Liber/project/examples/admin_panel/public_html/index.php
    [REQUEST_TIME_FLOAT] => 1418135416.307
    [REQUEST_TIME] => 1418135416
)

_POST: Array
(
    [username] => liber
)

_GET: Array
(
)

_SESSION: 
_COOKIE: Array
(
    [PHPSESSID] => v11f6p23mj53ett53ijgmi68p6
    [__utma] => 48233394.1791835618.1401371765.1402320277.1402400766.3
    [__utmc] => 48233394
    [__utmz] => 48233394.1401371765.1.1.utmcsr=(direct)|utmccn=(direct)|utmcmd=(none)
    [MANTIS_secure_session] => 1
    [MANTIS_STRING_COOKIE] => a339f6420964b4166499c876fa8d936f9b9d54971baccfacfbdfa9c6591f03da
    [THEBUGGENIE] => 08iomiepe7shi9cl18icrmm6j7
    [lhc_per] => {"vid":"b343yeweqnuq5tmnmifs","lhc_hnh":"1405089562"}
)

_FILES: Array
(
)[Tue, 09 Dec 14 12:39:19 -0200] TYPE: 8 LINE: 4
				FILE: /app/view/admin/recover_access_mail_tpl.html
				MESSAGE: Undefined index: usarname
				STATE: 
_SERVER: Array
(
    [REDIRECT_HTTP_AUTHORIZATION] => 
    [REDIRECT_Liber_URL_REWRITE] => 1
    [REDIRECT_STATUS] => 200
    [HTTP_AUTHORIZATION] => 
    [Liber_URL_REWRITE] => 1
    [HTTP_HOST] => dev.d
    [HTTP_CONNECTION] => keep-alive
    [CONTENT_LENGTH] => 14
    [HTTP_ACCEPT] => application/json, text/javascript, */*; q=0.01
    [HTTP_ORIGIN] => http://dev.d
    [HTTP_X_REQUESTED_WITH] => XMLHttpRequest
    [HTTP_USER_AGENT] => Mozilla/5.0 (X11; Linux x86_64) AppleWebKit/537.36 (KHTML, like Gecko) Chrome/39.0.2171.71 Safari/537.36
    [CONTENT_TYPE] => application/x-www-form-urlencoded; charset=UTF-8
    [HTTP_REFERER] => http://dev.d/projetos/Liber/project/examples/admin_panel/public_html/recover_access
    [HTTP_ACCEPT_ENCODING] => gzip, deflate
    [HTTP_ACCEPT_LANGUAGE] => en-US,en;q=0.8,pt-BR;q=0.6,pt;q=0.4
    [HTTP_COOKIE] => PHPSESSID=v11f6p23mj53ett53ijgmi68p6; __utma=48233394.1791835618.1401371765.1402320277.1402400766.3; __utmc=48233394; __utmz=48233394.1401371765.1.1.utmcsr=(direct)|utmccn=(direct)|utmcmd=(none); MANTIS_secure_session=1; MANTIS_STRING_COOKIE=a339f6420964b4166499c876fa8d936f9b9d54971baccfacfbdfa9c6591f03da; THEBUGGENIE=08iomiepe7shi9cl18icrmm6j7; lhc_per={%22vid%22:%22b343yeweqnuq5tmnmifs%22%2C%22lhc_hnh%22:%221405089562%22}
    [PATH] => /usr/local/sbin:/usr/local/bin:/usr/sbin:/usr/bin:/sbin:/bin
    [SERVER_SIGNATURE] => Apache/2.4.7 (Ubuntu) Server at dev.d Port 80

    [SERVER_SOFTWARE] => Apache/2.4.7 (Ubuntu)
    [SERVER_NAME] => dev.d
    [SERVER_ADDR] => 172.17.0.2
    [SERVER_PORT] => 80
    [REMOTE_ADDR] => 172.17.43.1
    [DOCUMENT_ROOT] => /var/www/html
    [REQUEST_SCHEME] => http
    [CONTEXT_PREFIX] => 
    [CONTEXT_DOCUMENT_ROOT] => /var/www/html
    [SERVER_ADMIN] => djalmafilho@gmail.com
    [SCRIPT_FILENAME] => /var/www/html/projetos/Liber/project/examples/admin_panel/public_html/index.php
    [REMOTE_PORT] => 57979
    [REDIRECT_URL] => /projetos/Liber/project/examples/admin_panel/public_html/recover_access
    [GATEWAY_INTERFACE] => CGI/1.1
    [SERVER_PROTOCOL] => HTTP/1.1
    [REQUEST_METHOD] => POST
    [QUERY_STRING] => 
    [REQUEST_URI] => /projetos/Liber/project/examples/admin_panel/public_html/recover_access
    [SCRIPT_NAME] => /projetos/Liber/project/examples/admin_panel/public_html/index.php
    [PHP_SELF] => /projetos/Liber/project/examples/admin_panel/public_html/index.php
    [REQUEST_TIME_FLOAT] => 1418135959.112
    [REQUEST_TIME] => 1418135959
)

_POST: Array
(
    [username] => liber
)

_GET: Array
(
)

_SESSION: 
_COOKIE: Array
(
    [PHPSESSID] => v11f6p23mj53ett53ijgmi68p6
    [__utma] => 48233394.1791835618.1401371765.1402320277.1402400766.3
    [__utmc] => 48233394
    [__utmz] => 48233394.1401371765.1.1.utmcsr=(direct)|utmccn=(direct)|utmcmd=(none)
    [MANTIS_secure_session] => 1
    [MANTIS_STRING_COOKIE] => a339f6420964b4166499c876fa8d936f9b9d54971baccfacfbdfa9c6591f03da
    [THEBUGGENIE] => 08iomiepe7shi9cl18icrmm6j7
    [lhc_per] => {"vid":"b343yeweqnuq5tmnmifs","lhc_hnh":"1405089562"}
)

_FILES: Array
(
)