[Mon, 29 Dec 14 10:27:07 -0200] TYPE: 8 LINE: 37
				FILE: /app/view/admin/remember_username.html
				MESSAGE: Undefined variable: question
				STATE: 
_SERVER: Array
(
    [REDIRECT_HTTP_AUTHORIZATION] => 
    [REDIRECT_Liber_URL_REWRITE] => 1
    [REDIRECT_STATUS] => 200
    [HTTP_AUTHORIZATION] => 
    [Liber_URL_REWRITE] => 1
    [HTTP_HOST] => dev.d
    [HTTP_CONNECTION] => keep-alive
    [HTTP_ACCEPT] => text/html,application/xhtml+xml,application/xml;q=0.9,image/webp,*/*;q=0.8
    [HTTP_USER_AGENT] => Mozilla/5.0 (X11; Linux x86_64) AppleWebKit/537.36 (KHTML, like Gecko) Chrome/39.0.2171.95 Safari/537.36
    [HTTP_REFERER] => http://dev.d/projetos/Liber/project/examples/admin_panel/public_html/recover_access
    [HTTP_ACCEPT_ENCODING] => gzip, deflate, sdch
    [HTTP_ACCEPT_LANGUAGE] => en-US,en;q=0.8,pt-BR;q=0.6,pt;q=0.4
    [HTTP_COOKIE] => __utma=48233394.1791835618.1401371765.1402320277.1402400766.3; __utmc=48233394; MANTIS_secure_session=1; MANTIS_STRING_COOKIE=a339f6420964b4166499c876fa8d936f9b9d54971baccfacfbdfa9c6591f03da; THEBUGGENIE=08iomiepe7shi9cl18icrmm6j7; lhc_per={%22vid%22:%22b343yeweqnuq5tmnmifs%22%2C%22lhc_hnh%22:%221405089562%22}; PHPSESSID=qio493m1qgest097qmrbcj0346
    [PATH] => /usr/local/sbin:/usr/local/bin:/usr/sbin:/usr/bin:/sbin:/bin
    [SERVER_SIGNATURE] => Apache/2.4.7 (Ubuntu) Server at dev.d Port 80

    [SERVER_SOFTWARE] => Apache/2.4.7 (Ubuntu)
    [SERVER_NAME] => dev.d
    [SERVER_ADDR] => 172.17.0.2
    [SERVER_PORT] => 80
    [REMOTE_ADDR] => 172.17.43.1
    [DOCUMENT_ROOT] => /var/www/html
    [REQUEST_SCHEME] => http
    [CONTEXT_PREFIX] => 
    [CONTEXT_DOCUMENT_ROOT] => /var/www/html
    [SERVER_ADMIN] => djalmafilho@gmail.com
    [SCRIPT_FILENAME] => /var/www/html/projetos/Liber/project/examples/admin_panel/public_html/index.php
    [REMOTE_PORT] => 51445
    [REDIRECT_URL] => /projetos/Liber/project/examples/admin_panel/public_html/remember_username
    [GATEWAY_INTERFACE] => CGI/1.1
    [SERVER_PROTOCOL] => HTTP/1.1
    [REQUEST_METHOD] => GET
    [QUERY_STRING] => 
    [REQUEST_URI] => /projetos/Liber/project/examples/admin_panel/public_html/remember_username
    [SCRIPT_NAME] => /projetos/Liber/project/examples/admin_panel/public_html/index.php
    [PHP_SELF] => /projetos/Liber/project/examples/admin_panel/public_html/index.php
    [REQUEST_TIME_FLOAT] => 1419856027.605
    [REQUEST_TIME] => 1419856027
)

_POST: Array
(
)

_GET: Array
(
)

_SESSION: 
_COOKIE: Array
(
    [__utma] => 48233394.1791835618.1401371765.1402320277.1402400766.3
    [__utmc] => 48233394
    [MANTIS_secure_session] => 1
    [MANTIS_STRING_COOKIE] => a339f6420964b4166499c876fa8d936f9b9d54971baccfacfbdfa9c6591f03da
    [THEBUGGENIE] => 08iomiepe7shi9cl18icrmm6j7
    [lhc_per] => {"vid":"b343yeweqnuq5tmnmifs","lhc_hnh":"1405089562"}
    [PHPSESSID] => qio493m1qgest097qmrbcj0346
)

_FILES: Array
(
)[Mon, 29 Dec 14 10:27:40 -0200] TYPE: 8 LINE: 37
				FILE: /app/view/admin/remember_username.html
				MESSAGE: Undefined variable: question
				STATE: 
_SERVER: Array
(
    [REDIRECT_HTTP_AUTHORIZATION] => 
    [REDIRECT_Liber_URL_REWRITE] => 1
    [REDIRECT_STATUS] => 200
    [HTTP_AUTHORIZATION] => 
    [Liber_URL_REWRITE] => 1
    [HTTP_HOST] => dev.d
    [HTTP_CONNECTION] => keep-alive
    [HTTP_ACCEPT] => text/html,application/xhtml+xml,application/xml;q=0.9,image/webp,*/*;q=0.8
    [HTTP_USER_AGENT] => Mozilla/5.0 (X11; Linux x86_64) AppleWebKit/537.36 (KHTML, like Gecko) Chrome/39.0.2171.95 Safari/537.36
    [HTTP_REFERER] => http://dev.d/projetos/Liber/project/examples/admin_panel/public_html/recover_access
    [HTTP_ACCEPT_ENCODING] => gzip, deflate, sdch
    [HTTP_ACCEPT_LANGUAGE] => en-US,en;q=0.8,pt-BR;q=0.6,pt;q=0.4
    [HTTP_COOKIE] => __utma=48233394.1791835618.1401371765.1402320277.1402400766.3; __utmc=48233394; MANTIS_secure_session=1; MANTIS_STRING_COOKIE=a339f6420964b4166499c876fa8d936f9b9d54971baccfacfbdfa9c6591f03da; THEBUGGENIE=08iomiepe7shi9cl18icrmm6j7; lhc_per={%22vid%22:%22b343yeweqnuq5tmnmifs%22%2C%22lhc_hnh%22:%221405089562%22}; PHPSESSID=qio493m1qgest097qmrbcj0346
    [PATH] => /usr/local/sbin:/usr/local/bin:/usr/sbin:/usr/bin:/sbin:/bin
    [SERVER_SIGNATURE] => Apache/2.4.7 (Ubuntu) Server at dev.d Port 80

    [SERVER_SOFTWARE] => Apache/2.4.7 (Ubuntu)
    [SERVER_NAME] => dev.d
    [SERVER_ADDR] => 172.17.0.2
    [SERVER_PORT] => 80
    [REMOTE_ADDR] => 172.17.43.1
    [DOCUMENT_ROOT] => /var/www/html
    [REQUEST_SCHEME] => http
    [CONTEXT_PREFIX] => 
    [CONTEXT_DOCUMENT_ROOT] => /var/www/html
    [SERVER_ADMIN] => djalmafilho@gmail.com
    [SCRIPT_FILENAME] => /var/www/html/projetos/Liber/project/examples/admin_panel/public_html/index.php
    [REMOTE_PORT] => 51516
    [REDIRECT_URL] => /projetos/Liber/project/examples/admin_panel/public_html/remember_username
    [GATEWAY_INTERFACE] => CGI/1.1
    [SERVER_PROTOCOL] => HTTP/1.1
    [REQUEST_METHOD] => GET
    [QUERY_STRING] => 
    [REQUEST_URI] => /projetos/Liber/project/examples/admin_panel/public_html/remember_username
    [SCRIPT_NAME] => /projetos/Liber/project/examples/admin_panel/public_html/index.php
    [PHP_SELF] => /projetos/Liber/project/examples/admin_panel/public_html/index.php
    [REQUEST_TIME_FLOAT] => 1419856060.247
    [REQUEST_TIME] => 1419856060
)

_POST: Array
(
)

_GET: Array
(
)

_SESSION: 
_COOKIE: Array
(
    [__utma] => 48233394.1791835618.1401371765.1402320277.1402400766.3
    [__utmc] => 48233394
    [MANTIS_secure_session] => 1
    [MANTIS_STRING_COOKIE] => a339f6420964b4166499c876fa8d936f9b9d54971baccfacfbdfa9c6591f03da
    [THEBUGGENIE] => 08iomiepe7shi9cl18icrmm6j7
    [lhc_per] => {"vid":"b343yeweqnuq5tmnmifs","lhc_hnh":"1405089562"}
    [PHPSESSID] => qio493m1qgest097qmrbcj0346
)

_FILES: Array
(
)[Mon, 29 Dec 14 10:53:16 -0200] TYPE: 1 LINE: 155
				FILE: /app/model/User.php
				MESSAGE: Call to undefined method MailTemplate::remember_username()
				STATE: 
_SERVER: Array
(
    [REDIRECT_HTTP_AUTHORIZATION] => 
    [REDIRECT_Liber_URL_REWRITE] => 1
    [REDIRECT_STATUS] => 200
    [HTTP_AUTHORIZATION] => 
    [Liber_URL_REWRITE] => 1
    [HTTP_HOST] => dev.d
    [HTTP_CONNECTION] => keep-alive
    [CONTENT_LENGTH] => 28
    [HTTP_CACHE_CONTROL] => max-age=0
    [HTTP_ACCEPT] => text/html,application/xhtml+xml,application/xml;q=0.9,image/webp,*/*;q=0.8
    [HTTP_ORIGIN] => http://dev.d
    [HTTP_USER_AGENT] => Mozilla/5.0 (X11; Linux x86_64) AppleWebKit/537.36 (KHTML, like Gecko) Chrome/39.0.2171.95 Safari/537.36
    [CONTENT_TYPE] => application/x-www-form-urlencoded
    [HTTP_REFERER] => http://dev.d/projetos/Liber/project/examples/admin_panel/public_html/remember_username
    [HTTP_ACCEPT_ENCODING] => gzip, deflate
    [HTTP_ACCEPT_LANGUAGE] => en-US,en;q=0.8,pt-BR;q=0.6,pt;q=0.4
    [HTTP_COOKIE] => __utma=48233394.1791835618.1401371765.1402320277.1402400766.3; __utmc=48233394; MANTIS_secure_session=1; MANTIS_STRING_COOKIE=a339f6420964b4166499c876fa8d936f9b9d54971baccfacfbdfa9c6591f03da; THEBUGGENIE=08iomiepe7shi9cl18icrmm6j7; lhc_per={%22vid%22:%22b343yeweqnuq5tmnmifs%22%2C%22lhc_hnh%22:%221405089562%22}; PHPSESSID=qio493m1qgest097qmrbcj0346
    [PATH] => /usr/local/sbin:/usr/local/bin:/usr/sbin:/usr/bin:/sbin:/bin
    [SERVER_SIGNATURE] => Apache/2.4.7 (Ubuntu) Server at dev.d Port 80

    [SERVER_SOFTWARE] => Apache/2.4.7 (Ubuntu)
    [SERVER_NAME] => dev.d
    [SERVER_ADDR] => 172.17.0.2
    [SERVER_PORT] => 80
    [REMOTE_ADDR] => 172.17.43.1
    [DOCUMENT_ROOT] => /var/www/html
    [REQUEST_SCHEME] => http
    [CONTEXT_PREFIX] => 
    [CONTEXT_DOCUMENT_ROOT] => /var/www/html
    [SERVER_ADMIN] => djalmafilho@gmail.com
    [SCRIPT_FILENAME] => /var/www/html/projetos/Liber/project/examples/admin_panel/public_html/index.php
    [REMOTE_PORT] => 54722
    [REDIRECT_URL] => /projetos/Liber/project/examples/admin_panel/public_html/remember_username
    [GATEWAY_INTERFACE] => CGI/1.1
    [SERVER_PROTOCOL] => HTTP/1.1
    [REQUEST_METHOD] => POST
    [QUERY_STRING] => 
    [REQUEST_URI] => /projetos/Liber/project/examples/admin_panel/public_html/remember_username
    [SCRIPT_NAME] => /projetos/Liber/project/examples/admin_panel/public_html/index.php
    [PHP_SELF] => /projetos/Liber/project/examples/admin_panel/public_html/index.php
    [REQUEST_TIME_FLOAT] => 1419857596.719
    [REQUEST_TIME] => 1419857596
)

_POST: Array
(
    [email] => liber@djalma.blog.br
)

_GET: Array
(
)

_SESSION: 
_COOKIE: Array
(
    [__utma] => 48233394.1791835618.1401371765.1402320277.1402400766.3
    [__utmc] => 48233394
    [MANTIS_secure_session] => 1
    [MANTIS_STRING_COOKIE] => a339f6420964b4166499c876fa8d936f9b9d54971baccfacfbdfa9c6591f03da
    [THEBUGGENIE] => 08iomiepe7shi9cl18icrmm6j7
    [lhc_per] => {"vid":"b343yeweqnuq5tmnmifs","lhc_hnh":"1405089562"}
    [PHPSESSID] => qio493m1qgest097qmrbcj0346
)

_FILES: Array
(
)[Mon, 29 Dec 14 10:59:07 -0200] TYPE: 4 LINE: 45
				FILE: /app/view/admin/remember_username.html
				MESSAGE: syntax error, unexpected '}'
				STATE: 
_SERVER: Array
(
    [REDIRECT_HTTP_AUTHORIZATION] => 
    [REDIRECT_Liber_URL_REWRITE] => 1
    [REDIRECT_STATUS] => 200
    [HTTP_AUTHORIZATION] => 
    [Liber_URL_REWRITE] => 1
    [HTTP_HOST] => dev.d
    [HTTP_CONNECTION] => keep-alive
    [HTTP_ACCEPT] => text/html,application/xhtml+xml,application/xml;q=0.9,image/webp,*/*;q=0.8
    [HTTP_USER_AGENT] => Mozilla/5.0 (X11; Linux x86_64) AppleWebKit/537.36 (KHTML, like Gecko) Chrome/39.0.2171.95 Safari/537.36
    [HTTP_ACCEPT_ENCODING] => gzip, deflate, sdch
    [HTTP_ACCEPT_LANGUAGE] => en-US,en;q=0.8,pt-BR;q=0.6,pt;q=0.4
    [HTTP_COOKIE] => __utma=48233394.1791835618.1401371765.1402320277.1402400766.3; __utmc=48233394; MANTIS_secure_session=1; MANTIS_STRING_COOKIE=a339f6420964b4166499c876fa8d936f9b9d54971baccfacfbdfa9c6591f03da; THEBUGGENIE=08iomiepe7shi9cl18icrmm6j7; lhc_per={%22vid%22:%22b343yeweqnuq5tmnmifs%22%2C%22lhc_hnh%22:%221405089562%22}; PHPSESSID=qio493m1qgest097qmrbcj0346
    [PATH] => /usr/local/sbin:/usr/local/bin:/usr/sbin:/usr/bin:/sbin:/bin
    [SERVER_SIGNATURE] => Apache/2.4.7 (Ubuntu) Server at dev.d Port 80

    [SERVER_SOFTWARE] => Apache/2.4.7 (Ubuntu)
    [SERVER_NAME] => dev.d
    [SERVER_ADDR] => 172.17.0.2
    [SERVER_PORT] => 80
    [REMOTE_ADDR] => 172.17.43.1
    [DOCUMENT_ROOT] => /var/www/html
    [REQUEST_SCHEME] => http
    [CONTEXT_PREFIX] => 
    [CONTEXT_DOCUMENT_ROOT] => /var/www/html
    [SERVER_ADMIN] => djalmafilho@gmail.com
    [SCRIPT_FILENAME] => /var/www/html/projetos/Liber/project/examples/admin_panel/public_html/index.php
    [REMOTE_PORT] => 55432
    [REDIRECT_URL] => /projetos/Liber/project/examples/admin_panel/public_html/remember_username
    [GATEWAY_INTERFACE] => CGI/1.1
    [SERVER_PROTOCOL] => HTTP/1.1
    [REQUEST_METHOD] => GET
    [QUERY_STRING] => 
    [REQUEST_URI] => /projetos/Liber/project/examples/admin_panel/public_html/remember_username
    [SCRIPT_NAME] => /projetos/Liber/project/examples/admin_panel/public_html/index.php
    [PHP_SELF] => /projetos/Liber/project/examples/admin_panel/public_html/index.php
    [REQUEST_TIME_FLOAT] => 1419857947.324
    [REQUEST_TIME] => 1419857947
)

_POST: Array
(
)

_GET: Array
(
)

_SESSION: 
_COOKIE: Array
(
    [__utma] => 48233394.1791835618.1401371765.1402320277.1402400766.3
    [__utmc] => 48233394
    [MANTIS_secure_session] => 1
    [MANTIS_STRING_COOKIE] => a339f6420964b4166499c876fa8d936f9b9d54971baccfacfbdfa9c6591f03da
    [THEBUGGENIE] => 08iomiepe7shi9cl18icrmm6j7
    [lhc_per] => {"vid":"b343yeweqnuq5tmnmifs","lhc_hnh":"1405089562"}
    [PHPSESSID] => qio493m1qgest097qmrbcj0346
)

_FILES: Array
(
)[Mon, 29 Dec 14 10:59:11 -0200] TYPE: 4 LINE: 45
				FILE: /app/view/admin/remember_username.html
				MESSAGE: syntax error, unexpected '}'
				STATE: 
_SERVER: Array
(
    [REDIRECT_HTTP_AUTHORIZATION] => 
    [REDIRECT_Liber_URL_REWRITE] => 1
    [REDIRECT_STATUS] => 200
    [HTTP_AUTHORIZATION] => 
    [Liber_URL_REWRITE] => 1
    [HTTP_HOST] => dev.d
    [HTTP_CONNECTION] => keep-alive
    [CONTENT_LENGTH] => 28
    [HTTP_CACHE_CONTROL] => max-age=0
    [HTTP_ACCEPT] => text/html,application/xhtml+xml,application/xml;q=0.9,image/webp,*/*;q=0.8
    [HTTP_ORIGIN] => http://dev.d
    [HTTP_USER_AGENT] => Mozilla/5.0 (X11; Linux x86_64) AppleWebKit/537.36 (KHTML, like Gecko) Chrome/39.0.2171.95 Safari/537.36
    [CONTENT_TYPE] => application/x-www-form-urlencoded
    [HTTP_REFERER] => http://dev.d/projetos/Liber/project/examples/admin_panel/public_html/remember_username
    [HTTP_ACCEPT_ENCODING] => gzip, deflate
    [HTTP_ACCEPT_LANGUAGE] => en-US,en;q=0.8,pt-BR;q=0.6,pt;q=0.4
    [HTTP_COOKIE] => __utma=48233394.1791835618.1401371765.1402320277.1402400766.3; __utmc=48233394; MANTIS_secure_session=1; MANTIS_STRING_COOKIE=a339f6420964b4166499c876fa8d936f9b9d54971baccfacfbdfa9c6591f03da; THEBUGGENIE=08iomiepe7shi9cl18icrmm6j7; lhc_per={%22vid%22:%22b343yeweqnuq5tmnmifs%22%2C%22lhc_hnh%22:%221405089562%22}; PHPSESSID=qio493m1qgest097qmrbcj0346
    [PATH] => /usr/local/sbin:/usr/local/bin:/usr/sbin:/usr/bin:/sbin:/bin
    [SERVER_SIGNATURE] => Apache/2.4.7 (Ubuntu) Server at dev.d Port 80

    [SERVER_SOFTWARE] => Apache/2.4.7 (Ubuntu)
    [SERVER_NAME] => dev.d
    [SERVER_ADDR] => 172.17.0.2
    [SERVER_PORT] => 80
    [REMOTE_ADDR] => 172.17.43.1
    [DOCUMENT_ROOT] => /var/www/html
    [REQUEST_SCHEME] => http
    [CONTEXT_PREFIX] => 
    [CONTEXT_DOCUMENT_ROOT] => /var/www/html
    [SERVER_ADMIN] => djalmafilho@gmail.com
    [SCRIPT_FILENAME] => /var/www/html/projetos/Liber/project/examples/admin_panel/public_html/index.php
    [REMOTE_PORT] => 55432
    [REDIRECT_URL] => /projetos/Liber/project/examples/admin_panel/public_html/remember_username
    [GATEWAY_INTERFACE] => CGI/1.1
    [SERVER_PROTOCOL] => HTTP/1.1
    [REQUEST_METHOD] => POST
    [QUERY_STRING] => 
    [REQUEST_URI] => /projetos/Liber/project/examples/admin_panel/public_html/remember_username
    [SCRIPT_NAME] => /projetos/Liber/project/examples/admin_panel/public_html/index.php
    [PHP_SELF] => /projetos/Liber/project/examples/admin_panel/public_html/index.php
    [REQUEST_TIME_FLOAT] => 1419857951.05
    [REQUEST_TIME] => 1419857951
)

_POST: Array
(
    [email] => liber@djalma.blog.br
)

_GET: Array
(
)

_SESSION: 
_COOKIE: Array
(
    [__utma] => 48233394.1791835618.1401371765.1402320277.1402400766.3
    [__utmc] => 48233394
    [MANTIS_secure_session] => 1
    [MANTIS_STRING_COOKIE] => a339f6420964b4166499c876fa8d936f9b9d54971baccfacfbdfa9c6591f03da
    [THEBUGGENIE] => 08iomiepe7shi9cl18icrmm6j7
    [lhc_per] => {"vid":"b343yeweqnuq5tmnmifs","lhc_hnh":"1405089562"}
    [PHPSESSID] => qio493m1qgest097qmrbcj0346
)

_FILES: Array
(
)[Mon, 29 Dec 14 10:59:55 -0200] TYPE: 8 LINE: 47
				FILE: /app/view/admin/remember_username.html
				MESSAGE: Undefined variable: mode
				STATE: 
_SERVER: Array
(
    [REDIRECT_HTTP_AUTHORIZATION] => 
    [REDIRECT_Liber_URL_REWRITE] => 1
    [REDIRECT_STATUS] => 200
    [HTTP_AUTHORIZATION] => 
    [Liber_URL_REWRITE] => 1
    [HTTP_HOST] => dev.d
    [HTTP_CONNECTION] => keep-alive
    [CONTENT_LENGTH] => 28
    [HTTP_CACHE_CONTROL] => max-age=0
    [HTTP_ACCEPT] => text/html,application/xhtml+xml,application/xml;q=0.9,image/webp,*/*;q=0.8
    [HTTP_ORIGIN] => http://dev.d
    [HTTP_USER_AGENT] => Mozilla/5.0 (X11; Linux x86_64) AppleWebKit/537.36 (KHTML, like Gecko) Chrome/39.0.2171.95 Safari/537.36
    [CONTENT_TYPE] => application/x-www-form-urlencoded
    [HTTP_REFERER] => http://dev.d/projetos/Liber/project/examples/admin_panel/public_html/remember_username
    [HTTP_ACCEPT_ENCODING] => gzip, deflate
    [HTTP_ACCEPT_LANGUAGE] => en-US,en;q=0.8,pt-BR;q=0.6,pt;q=0.4
    [HTTP_COOKIE] => __utma=48233394.1791835618.1401371765.1402320277.1402400766.3; __utmc=48233394; MANTIS_secure_session=1; MANTIS_STRING_COOKIE=a339f6420964b4166499c876fa8d936f9b9d54971baccfacfbdfa9c6591f03da; THEBUGGENIE=08iomiepe7shi9cl18icrmm6j7; lhc_per={%22vid%22:%22b343yeweqnuq5tmnmifs%22%2C%22lhc_hnh%22:%221405089562%22}; PHPSESSID=qio493m1qgest097qmrbcj0346
    [PATH] => /usr/local/sbin:/usr/local/bin:/usr/sbin:/usr/bin:/sbin:/bin
    [SERVER_SIGNATURE] => Apache/2.4.7 (Ubuntu) Server at dev.d Port 80

    [SERVER_SOFTWARE] => Apache/2.4.7 (Ubuntu)
    [SERVER_NAME] => dev.d
    [SERVER_ADDR] => 172.17.0.2
    [SERVER_PORT] => 80
    [REMOTE_ADDR] => 172.17.43.1
    [DOCUMENT_ROOT] => /var/www/html
    [REQUEST_SCHEME] => http
    [CONTEXT_PREFIX] => 
    [CONTEXT_DOCUMENT_ROOT] => /var/www/html
    [SERVER_ADMIN] => djalmafilho@gmail.com
    [SCRIPT_FILENAME] => /var/www/html/projetos/Liber/project/examples/admin_panel/public_html/index.php
    [REMOTE_PORT] => 55542
    [REDIRECT_URL] => /projetos/Liber/project/examples/admin_panel/public_html/remember_username
    [GATEWAY_INTERFACE] => CGI/1.1
    [SERVER_PROTOCOL] => HTTP/1.1
    [REQUEST_METHOD] => POST
    [QUERY_STRING] => 
    [REQUEST_URI] => /projetos/Liber/project/examples/admin_panel/public_html/remember_username
    [SCRIPT_NAME] => /projetos/Liber/project/examples/admin_panel/public_html/index.php
    [PHP_SELF] => /projetos/Liber/project/examples/admin_panel/public_html/index.php
    [REQUEST_TIME_FLOAT] => 1419857994.867
    [REQUEST_TIME] => 1419857994
)

_POST: Array
(
    [email] => liber@djalma.blog.br
)

_GET: Array
(
)

_SESSION: 
_COOKIE: Array
(
    [__utma] => 48233394.1791835618.1401371765.1402320277.1402400766.3
    [__utmc] => 48233394
    [MANTIS_secure_session] => 1
    [MANTIS_STRING_COOKIE] => a339f6420964b4166499c876fa8d936f9b9d54971baccfacfbdfa9c6591f03da
    [THEBUGGENIE] => 08iomiepe7shi9cl18icrmm6j7
    [lhc_per] => {"vid":"b343yeweqnuq5tmnmifs","lhc_hnh":"1405089562"}
    [PHPSESSID] => qio493m1qgest097qmrbcj0346
)

_FILES: Array
(
)[Mon, 29 Dec 14 11:00:11 -0200] TYPE: 8 LINE: 47
				FILE: /app/view/admin/remember_username.html
				MESSAGE: Undefined variable: mode
				STATE: 
_SERVER: Array
(
    [REDIRECT_HTTP_AUTHORIZATION] => 
    [REDIRECT_Liber_URL_REWRITE] => 1
    [REDIRECT_STATUS] => 200
    [HTTP_AUTHORIZATION] => 
    [Liber_URL_REWRITE] => 1
    [HTTP_HOST] => dev.d
    [HTTP_CONNECTION] => keep-alive
    [CONTENT_LENGTH] => 28
    [HTTP_CACHE_CONTROL] => max-age=0
    [HTTP_ACCEPT] => text/html,application/xhtml+xml,application/xml;q=0.9,image/webp,*/*;q=0.8
    [HTTP_ORIGIN] => http://dev.d
    [HTTP_USER_AGENT] => Mozilla/5.0 (X11; Linux x86_64) AppleWebKit/537.36 (KHTML, like Gecko) Chrome/39.0.2171.95 Safari/537.36
    [CONTENT_TYPE] => application/x-www-form-urlencoded
    [HTTP_REFERER] => http://dev.d/projetos/Liber/project/examples/admin_panel/public_html/remember_username
    [HTTP_ACCEPT_ENCODING] => gzip, deflate
    [HTTP_ACCEPT_LANGUAGE] => en-US,en;q=0.8,pt-BR;q=0.6,pt;q=0.4
    [HTTP_COOKIE] => __utma=48233394.1791835618.1401371765.1402320277.1402400766.3; __utmc=48233394; MANTIS_secure_session=1; MANTIS_STRING_COOKIE=a339f6420964b4166499c876fa8d936f9b9d54971baccfacfbdfa9c6591f03da; THEBUGGENIE=08iomiepe7shi9cl18icrmm6j7; lhc_per={%22vid%22:%22b343yeweqnuq5tmnmifs%22%2C%22lhc_hnh%22:%221405089562%22}; PHPSESSID=qio493m1qgest097qmrbcj0346
    [PATH] => /usr/local/sbin:/usr/local/bin:/usr/sbin:/usr/bin:/sbin:/bin
    [SERVER_SIGNATURE] => Apache/2.4.7 (Ubuntu) Server at dev.d Port 80

    [SERVER_SOFTWARE] => Apache/2.4.7 (Ubuntu)
    [SERVER_NAME] => dev.d
    [SERVER_ADDR] => 172.17.0.2
    [SERVER_PORT] => 80
    [REMOTE_ADDR] => 172.17.43.1
    [DOCUMENT_ROOT] => /var/www/html
    [REQUEST_SCHEME] => http
    [CONTEXT_PREFIX] => 
    [CONTEXT_DOCUMENT_ROOT] => /var/www/html
    [SERVER_ADMIN] => djalmafilho@gmail.com
    [SCRIPT_FILENAME] => /var/www/html/projetos/Liber/project/examples/admin_panel/public_html/index.php
    [REMOTE_PORT] => 55579
    [REDIRECT_URL] => /projetos/Liber/project/examples/admin_panel/public_html/remember_username
    [GATEWAY_INTERFACE] => CGI/1.1
    [SERVER_PROTOCOL] => HTTP/1.1
    [REQUEST_METHOD] => POST
    [QUERY_STRING] => 
    [REQUEST_URI] => /projetos/Liber/project/examples/admin_panel/public_html/remember_username
    [SCRIPT_NAME] => /projetos/Liber/project/examples/admin_panel/public_html/index.php
    [PHP_SELF] => /projetos/Liber/project/examples/admin_panel/public_html/index.php
    [REQUEST_TIME_FLOAT] => 1419858011.5
    [REQUEST_TIME] => 1419858011
)

_POST: Array
(
    [email] => liber@djalma.blog.br
)

_GET: Array
(
)

_SESSION: 
_COOKIE: Array
(
    [__utma] => 48233394.1791835618.1401371765.1402320277.1402400766.3
    [__utmc] => 48233394
    [MANTIS_secure_session] => 1
    [MANTIS_STRING_COOKIE] => a339f6420964b4166499c876fa8d936f9b9d54971baccfacfbdfa9c6591f03da
    [THEBUGGENIE] => 08iomiepe7shi9cl18icrmm6j7
    [lhc_per] => {"vid":"b343yeweqnuq5tmnmifs","lhc_hnh":"1405089562"}
    [PHPSESSID] => qio493m1qgest097qmrbcj0346
)

_FILES: Array
(
)